#
# There is insufficient memory for the Java Runtime Environment to continue.
# Native memory allocation (malloc) failed to allocate 2097152 bytes. Error detail: AllocateHeap
# Possible reasons:
#   The system is out of physical RAM or swap space
#   This process is running with CompressedOops enabled, and the Java Heap may be blocking the growth of the native heap
# Possible solutions:
#   Reduce memory load on the system
#   Increase physical memory or swap space
#   Check if swap backing store is full
#   Decrease Java heap size (-Xmx/-Xms)
#   Decrease number of Java threads
#   Decrease Java thread stack sizes (-Xss)
#   Set larger code cache with -XX:ReservedCodeCacheSize=
#   JVM is running with Unscaled Compressed Oops mode in which the Java heap is
#     placed in the first 4GB address space. The Java Heap base address is the
#     maximum limit for the native heap growth. Please use -XX:HeapBaseMinAddress
#     to set the Java Heap base and to place the Java Heap above 4GB virtual address.
# This output file may be truncated or incomplete.
#
#  Out of Memory Error (allocation.cpp:44), pid=23116, tid=56160
#
# JRE version: OpenJDK Runtime Environment Temurin-17.0.11+9 (17.0.11+9) (build 17.0.11+9)
# Java VM: OpenJDK 64-Bit Server VM Temurin-17.0.11+9 (17.0.11+9, mixed mode, emulated-client, tiered, compressed oops, compressed class ptrs, g1 gc, windows-amd64)
# No core dump will be written. Minidumps are not enabled by default on client versions of Windows
#

---------------  S U M M A R Y ------------

Command Line: -Xmx1024m -Dsts.lsp.client=vscode -Dsts.log.file=/dev/null -XX:TieredStopAtLevel=1 -Xlog:jni+resolve=off -Dspring.config.location=file:c:\Users\Aditya\.vscode\extensions\vmware.vscode-spring-boot-1.55.0\language-server\BOOT-INF\classes\application.properties org.springframework.ide.vscode.boot.app.BootLanguageServerBootApp

Host: AMD Ryzen 3 3250U with Radeon Graphics         , 4 cores, 3G,  Windows 10 , 64 bit Build 19041 (10.0.19041.3636)
Time: Sun Jun 16 14:14:15 2024 India Standard Time elapsed time: 64450.452500 seconds (0d 17h 54m 10s)

---------------  T H R E A D  ---------------

Current thread (0x00000124ff1ffb90):  VMThread "VM Thread" [stack: 0x00000003f9200000,0x00000003f9300000] [id=56160]

Stack: [0x00000003f9200000,0x00000003f9300000]
Native frames: (J=compiled Java code, j=interpreted, Vv=VM code, C=native code)
V  [jvm.dll+0x67d429]
V  [jvm.dll+0x834b7a]
V  [jvm.dll+0x83663e]
V  [jvm.dll+0x836ca3]
V  [jvm.dll+0x247dbf]
V  [jvm.dll+0xa6cb3]
V  [jvm.dll+0x2f8b61]
V  [jvm.dll+0x2f4750]
V  [jvm.dll+0x2dcf67]
V  [jvm.dll+0x31fb67]
V  [jvm.dll+0x83b19b]
V  [jvm.dll+0x83bed2]
V  [jvm.dll+0x83c3ed]
V  [jvm.dll+0x83c7c4]
V  [jvm.dll+0x83c890]
V  [jvm.dll+0x7e410a]
V  [jvm.dll+0x67c315]
C  [ucrtbase.dll+0x21bb2]
C  [KERNEL32.DLL+0x17344]
C  [ntdll.dll+0x526b1]

VM_Operation (0x00000003fa3fee60): G1CollectFull, mode: safepoint, requested by thread 0x0000012484c42050


---------------  P R O C E S S  ---------------

Threads class SMR info:
_java_thread_list=0x00000124856e1640, length=23, elements={
0x00000124ff217750, 0x00000124ff2185d0, 0x00000124ff242a40, 0x00000124ff2438c0,
0x00000124ff2473a0, 0x00000124ff247d60, 0x00000124ff249640, 0x00000124ff24bf60,
0x00000124ff56bff0, 0x00000124ff576760, 0x0000012484a63850, 0x0000012484c42050,
0x0000012484c42530, 0x00000124f2cbea20, 0x000001248469c710, 0x0000012484cbdd00,
0x00000124849ec670, 0x0000012484ceda80, 0x0000012484ced060, 0x0000012484ced570,
0x0000012484cf0300, 0x0000012484cef3d0, 0x0000012484da7070
}

Java Threads: ( => current thread )
  0x00000124ff217750 JavaThread "Reference Handler" daemon [_thread_blocked, id=51068, stack(0x00000003f9300000,0x00000003f9400000)]
  0x00000124ff2185d0 JavaThread "Finalizer" daemon [_thread_blocked, id=51936, stack(0x00000003f9400000,0x00000003f9500000)]
  0x00000124ff242a40 JavaThread "Signal Dispatcher" daemon [_thread_blocked, id=40860, stack(0x00000003f9500000,0x00000003f9600000)]
  0x00000124ff2438c0 JavaThread "Attach Listener" daemon [_thread_blocked, id=55132, stack(0x00000003f9600000,0x00000003f9700000)]
  0x00000124ff2473a0 JavaThread "Service Thread" daemon [_thread_blocked, id=53992, stack(0x00000003f9700000,0x00000003f9800000)]
  0x00000124ff247d60 JavaThread "Monitor Deflation Thread" daemon [_thread_blocked, id=54204, stack(0x00000003f9800000,0x00000003f9900000)]
  0x00000124ff249640 JavaThread "C1 CompilerThread0" daemon [_thread_blocked, id=6076, stack(0x00000003f9900000,0x00000003f9a00000)]
  0x00000124ff24bf60 JavaThread "Sweeper thread" daemon [_thread_blocked, id=19076, stack(0x00000003f9a00000,0x00000003f9b00000)]
  0x00000124ff56bff0 JavaThread "Notification Thread" daemon [_thread_blocked, id=13720, stack(0x00000003f9b00000,0x00000003f9c00000)]
  0x00000124ff576760 JavaThread "Common-Cleaner" daemon [_thread_blocked, id=35652, stack(0x00000003f9d00000,0x00000003f9e00000)]
  0x0000012484a63850 JavaThread "boundedElastic-evictor-1" daemon [_thread_blocked, id=55320, stack(0x00000003fa200000,0x00000003fa300000)]
  0x0000012484c42050 JavaThread "pool-13-thread-1" [_thread_blocked, id=47140, stack(0x00000003fa300000,0x00000003fa400000)]
  0x0000012484c42530 JavaThread "LanguageServerApp-lifecycle" [_thread_blocked, id=23428, stack(0x00000003fa400000,0x00000003fa500000)]
  0x00000124f2cbea20 JavaThread "DestroyJavaVM" [_thread_blocked, id=55356, stack(0x00000003f8c00000,0x00000003f8d00000)]
  0x000001248469c710 JavaThread "pool-14-thread-1" [_thread_in_native, id=53296, stack(0x00000003fa500000,0x00000003fa600000)]
  0x0000012484cbdd00 JavaThread "Simple-Language-Server main thread" daemon [_thread_blocked, id=53624, stack(0x00000003fa600000,0x00000003fa700000)]
  0x00000124849ec670 JavaThread "pool-8-thread-1" [_thread_blocked, id=22860, stack(0x00000003fa800000,0x00000003fa900000)]
  0x0000012484ceda80 JavaThread "parallel-1" daemon [_thread_blocked, id=53948, stack(0x00000003fa900000,0x00000003faa00000)]
  0x0000012484ced060 JavaThread "pool-6-thread-1" [_thread_blocked, id=53216, stack(0x00000003faa00000,0x00000003fab00000)]
  0x0000012484ced570 JavaThread "parallel-2" daemon [_thread_blocked, id=55988, stack(0x00000003fab00000,0x00000003fac00000)]
  0x0000012484cf0300 JavaThread "parallel-3" daemon [_thread_blocked, id=16468, stack(0x00000003fac00000,0x00000003fad00000)]
  0x0000012484cef3d0 JavaThread "Reconciler-1" daemon [_thread_blocked, id=28624, stack(0x00000003fb300000,0x00000003fb400000)]
  0x0000012484da7070 JavaThread "parallel-4" daemon [_thread_blocked, id=19028, stack(0x00000003fb500000,0x00000003fb600000)]

Other Threads:
=>0x00000124ff1ffb90 VMThread "VM Thread" [stack: 0x00000003f9200000,0x00000003f9300000] [id=56160]
  0x00000124ff56c4d0 WatcherThread [stack: 0x00000003f9c00000,0x00000003f9d00000] [id=48900]
  0x00000124f2d590c0 GCTaskThread "GC Thread#0" [stack: 0x00000003f8d00000,0x00000003f8e00000] [id=37716]
  0x00000124ff7a7c40 GCTaskThread "GC Thread#1" [stack: 0x00000003f9f00000,0x00000003fa000000] [id=53980]
  0x00000124ffc6d270 GCTaskThread "GC Thread#2" [stack: 0x00000003fa000000,0x00000003fa100000] [id=56244]
  0x00000124841e5af0 GCTaskThread "GC Thread#3" [stack: 0x00000003fa100000,0x00000003fa200000] [id=56164]
  0x00000124f2d62010 ConcurrentGCThread "G1 Main Marker" [stack: 0x00000003f8e00000,0x00000003f8f00000] [id=55756]
  0x00000124f2d62a30 ConcurrentGCThread "G1 Conc#0" [stack: 0x00000003f8f00000,0x00000003f9000000] [id=34896]
  0x00000124f2d9e660 ConcurrentGCThread "G1 Refine#0" [stack: 0x00000003f9000000,0x00000003f9100000] [id=12696]
  0x00000124f2d9f090 ConcurrentGCThread "G1 Service" [stack: 0x00000003f9100000,0x00000003f9200000] [id=53956]

Threads with active compile tasks:

VM state: at safepoint (normal execution)

VM Mutex/Monitor currently owned by a thread:  ([mutex/lock_event])
[0x00000124f2bfc8a0] Threads_lock - owner thread: 0x00000124ff1ffb90
[0x00000124f2d1a1d0] Heap_lock - owner thread: 0x0000012484c42050

Heap address: 0x00000000c0000000, size: 1024 MB, Compressed Oops mode: 32-bit

CDS archive(s) not mapped
Compressed class space mapped at: 0x0000000100000000-0x0000000140000000, reserved size: 1073741824
Narrow klass base: 0x0000000000000000, Narrow klass shift: 3, Narrow klass range: 0x140000000

GC Precious Log:
 CPUs: 4 total, 4 available
 Memory: 3526M
 Large Page Support: Disabled
 NUMA Support: Disabled
 Compressed Oops: Enabled (32-bit)
 Heap Region Size: 1M
 Heap Min Capacity: 8M
 Heap Initial Capacity: 56M
 Heap Max Capacity: 1G
 Pre-touch: Disabled
 Parallel Workers: 4
 Concurrent Workers: 1
 Concurrent Refinement Workers: 4
 Periodic GC: Disabled

Heap:
 garbage-first heap   total 78848K, used 35408K [0x00000000c0000000, 0x0000000100000000)
  region size 1024K, 1 young (1024K), 0 survivors (0K)
 Metaspace       used 59150K, committed 59648K, reserved 1114112K
  class space    used 7356K, committed 7552K, reserved 1048576K

Heap Regions: E=young(eden), S=young(survivor), O=old, HS=humongous(starts), HC=humongous(continues), CS=collection set, F=free, OA=open archive, CA=closed archive, TAMS=top-at-mark-start (previous, next)
|   0|0x00000000c0000000, 0x00000000c0100000, 0x00000000c0100000|100%|HS|  |TAMS 0x00000000c0100000, 0x00000000c0000000| Untracked 
|   1|0x00000000c0100000, 0x00000000c0200000, 0x00000000c0200000|100%|HC|  |TAMS 0x00000000c0200000, 0x00000000c0100000| Untracked 
|   2|0x00000000c0200000, 0x00000000c0300000, 0x00000000c0300000|100%|HC|  |TAMS 0x00000000c0300000, 0x00000000c0200000| Untracked 
|   3|0x00000000c0300000, 0x00000000c0400000, 0x00000000c0400000|100%|HC|  |TAMS 0x00000000c0400000, 0x00000000c0300000| Untracked 
|   4|0x00000000c0400000, 0x00000000c0500000, 0x00000000c0500000|100%| O|  |TAMS 0x00000000c0500000, 0x00000000c0400000| Untracked 
|   5|0x00000000c0500000, 0x00000000c05ffff0, 0x00000000c0600000| 99%| O|  |TAMS 0x00000000c05ffff0, 0x00000000c0500000| Untracked 
|   6|0x00000000c0600000, 0x00000000c0700000, 0x00000000c0700000|100%| O|  |TAMS 0x00000000c0700000, 0x00000000c0600000| Untracked 
|   7|0x00000000c0700000, 0x00000000c0800000, 0x00000000c0800000|100%| O|  |TAMS 0x00000000c0800000, 0x00000000c0700000| Untracked 
|   8|0x00000000c0800000, 0x00000000c0900000, 0x00000000c0900000|100%| O|  |TAMS 0x00000000c0900000, 0x00000000c0800000| Untracked 
|   9|0x00000000c0900000, 0x00000000c0a00000, 0x00000000c0a00000|100%| O|  |TAMS 0x00000000c0a00000, 0x00000000c0900000| Untracked 
|  10|0x00000000c0a00000, 0x00000000c0b00000, 0x00000000c0b00000|100%|HS|  |TAMS 0x00000000c0b00000, 0x00000000c0a00000| Untracked 
|  11|0x00000000c0b00000, 0x00000000c0c00000, 0x00000000c0c00000|100%|HC|  |TAMS 0x00000000c0c00000, 0x00000000c0b00000| Untracked 
|  12|0x00000000c0c00000, 0x00000000c0cfdcf0, 0x00000000c0d00000| 99%| O|  |TAMS 0x00000000c0cfdcf0, 0x00000000c0c00000| Untracked 
|  13|0x00000000c0d00000, 0x00000000c0dfff08, 0x00000000c0e00000| 99%| O|  |TAMS 0x00000000c0dfff08, 0x00000000c0d00000| Untracked 
|  14|0x00000000c0e00000, 0x00000000c0effff8, 0x00000000c0f00000| 99%| O|  |TAMS 0x00000000c0effff8, 0x00000000c0e00000| Untracked 
|  15|0x00000000c0f00000, 0x00000000c0ffffc8, 0x00000000c1000000| 99%| O|  |TAMS 0x00000000c0ffffc8, 0x00000000c0f00000| Untracked 
|  16|0x00000000c1000000, 0x00000000c10ff9f8, 0x00000000c1100000| 99%| O|  |TAMS 0x00000000c10ff9f8, 0x00000000c1000000| Untracked 
|  17|0x00000000c1100000, 0x00000000c11ffff8, 0x00000000c1200000| 99%| O|  |TAMS 0x00000000c11ffff8, 0x00000000c1100000| Untracked 
|  18|0x00000000c1200000, 0x00000000c1300000, 0x00000000c1300000|100%| O|  |TAMS 0x00000000c1300000, 0x00000000c1200000| Untracked 
|  19|0x00000000c1300000, 0x00000000c1400000, 0x00000000c1400000|100%| O|  |TAMS 0x00000000c1400000, 0x00000000c1300000| Untracked 
|  20|0x00000000c1400000, 0x00000000c14ff198, 0x00000000c1500000| 99%| O|  |TAMS 0x00000000c14ff198, 0x00000000c1400000| Untracked 
|  21|0x00000000c1500000, 0x00000000c15fffe0, 0x00000000c1600000| 99%| O|  |TAMS 0x00000000c15fffe0, 0x00000000c1500000| Untracked 
|  22|0x00000000c1600000, 0x00000000c16fffc8, 0x00000000c1700000| 99%| O|  |TAMS 0x00000000c16fffc8, 0x00000000c1600000| Untracked 
|  23|0x00000000c1700000, 0x00000000c17ffff8, 0x00000000c1800000| 99%| O|  |TAMS 0x00000000c17ffff8, 0x00000000c1700000| Untracked 
|  24|0x00000000c1800000, 0x00000000c18ffeb8, 0x00000000c1900000| 99%| O|  |TAMS 0x00000000c18ffeb8, 0x00000000c1800000| Untracked 
|  25|0x00000000c1900000, 0x00000000c19ffff0, 0x00000000c1a00000| 99%| O|  |TAMS 0x00000000c19ffff0, 0x00000000c1900000| Untracked 
|  26|0x00000000c1a00000, 0x00000000c1afa458, 0x00000000c1b00000| 97%| O|  |TAMS 0x00000000c1afa458, 0x00000000c1a00000| Untracked 
|  27|0x00000000c1b00000, 0x00000000c1c00000, 0x00000000c1c00000|100%| O|  |TAMS 0x00000000c1c00000, 0x00000000c1b00000| Untracked 
|  28|0x00000000c1c00000, 0x00000000c1cfd258, 0x00000000c1d00000| 98%| O|  |TAMS 0x00000000c1cfd258, 0x00000000c1c00000| Untracked 
|  29|0x00000000c1d00000, 0x00000000c1dfd3f8, 0x00000000c1e00000| 98%| O|  |TAMS 0x00000000c1dfd3f8, 0x00000000c1d00000| Untracked 
|  30|0x00000000c1e00000, 0x00000000c1f00000, 0x00000000c1f00000|100%| O|  |TAMS 0x00000000c1f00000, 0x00000000c1e00000| Untracked 
|  31|0x00000000c1f00000, 0x00000000c1ffffb8, 0x00000000c2000000| 99%| O|  |TAMS 0x00000000c1ffffb8, 0x00000000c1f00000| Untracked 
|  32|0x00000000c2000000, 0x00000000c20fffb8, 0x00000000c2100000| 99%| O|  |TAMS 0x00000000c20fffb8, 0x00000000c2000000| Untracked 
|  33|0x00000000c2100000, 0x00000000c21fffe8, 0x00000000c2200000| 99%| O|  |TAMS 0x00000000c21fffe8, 0x00000000c2100000| Untracked 
|  34|0x00000000c2200000, 0x00000000c22a3250, 0x00000000c2300000| 63%| O|  |TAMS 0x00000000c2200000, 0x00000000c2200000| Untracked 
|  35|0x00000000c2300000, 0x00000000c23000b8, 0x00000000c2400000|  0%| O|  |TAMS 0x00000000c2300000, 0x00000000c2300000| Untracked 
|  36|0x00000000c2400000, 0x00000000c2400000, 0x00000000c2500000|  0%| F|  |TAMS 0x00000000c2400000, 0x00000000c2400000| Untracked 
|  37|0x00000000c2500000, 0x00000000c2500000, 0x00000000c2600000|  0%| F|  |TAMS 0x00000000c2500000, 0x00000000c2500000| Untracked 
|  38|0x00000000c2600000, 0x00000000c2600000, 0x00000000c2700000|  0%| F|  |TAMS 0x00000000c2600000, 0x00000000c2600000| Untracked 
|  39|0x00000000c2700000, 0x00000000c2700000, 0x00000000c2800000|  0%| F|  |TAMS 0x00000000c2700000, 0x00000000c2700000| Untracked 
|  40|0x00000000c2800000, 0x00000000c2800000, 0x00000000c2900000|  0%| F|  |TAMS 0x00000000c2800000, 0x00000000c2800000| Untracked 
|  41|0x00000000c2900000, 0x00000000c2900000, 0x00000000c2a00000|  0%| F|  |TAMS 0x00000000c2900000, 0x00000000c2900000| Untracked 
|  42|0x00000000c2a00000, 0x00000000c2a00000, 0x00000000c2b00000|  0%| F|  |TAMS 0x00000000c2a00000, 0x00000000c2a00000| Untracked 
|  43|0x00000000c2b00000, 0x00000000c2b00000, 0x00000000c2c00000|  0%| F|  |TAMS 0x00000000c2b00000, 0x00000000c2b00000| Untracked 
|  44|0x00000000c2c00000, 0x00000000c2c00000, 0x00000000c2d00000|  0%| F|  |TAMS 0x00000000c2c00000, 0x00000000c2c00000| Untracked 
|  45|0x00000000c2d00000, 0x00000000c2d00000, 0x00000000c2e00000|  0%| F|  |TAMS 0x00000000c2d00000, 0x00000000c2d00000| Untracked 
|  46|0x00000000c2e00000, 0x00000000c2e00000, 0x00000000c2f00000|  0%| F|  |TAMS 0x00000000c2e00000, 0x00000000c2e00000| Untracked 
|  47|0x00000000c2f00000, 0x00000000c2f00000, 0x00000000c3000000|  0%| F|  |TAMS 0x00000000c2f00000, 0x00000000c2f00000| Untracked 
|  48|0x00000000c3000000, 0x00000000c3000000, 0x00000000c3100000|  0%| F|  |TAMS 0x00000000c3000000, 0x00000000c3000000| Untracked 
|  49|0x00000000c3100000, 0x00000000c3100000, 0x00000000c3200000|  0%| F|  |TAMS 0x00000000c3100000, 0x00000000c3100000| Untracked 
|  50|0x00000000c3200000, 0x00000000c3200000, 0x00000000c3300000|  0%| F|  |TAMS 0x00000000c3200000, 0x00000000c3200000| Untracked 
|  51|0x00000000c3300000, 0x00000000c3300000, 0x00000000c3400000|  0%| F|  |TAMS 0x00000000c3300000, 0x00000000c3300000| Untracked 
|  52|0x00000000c3400000, 0x00000000c3400000, 0x00000000c3500000|  0%| F|  |TAMS 0x00000000c3400000, 0x00000000c3400000| Untracked 
|  53|0x00000000c3500000, 0x00000000c3500000, 0x00000000c3600000|  0%| F|  |TAMS 0x00000000c3500000, 0x00000000c3500000| Untracked 
|  54|0x00000000c3600000, 0x00000000c3600000, 0x00000000c3700000|  0%| F|  |TAMS 0x00000000c3600000, 0x00000000c3600000| Untracked 
|  55|0x00000000c3700000, 0x00000000c3700000, 0x00000000c3800000|  0%| F|  |TAMS 0x00000000c3700000, 0x00000000c3700000| Untracked 
|  56|0x00000000c3800000, 0x00000000c3800000, 0x00000000c3900000|  0%| F|  |TAMS 0x00000000c3800000, 0x00000000c3800000| Untracked 
|  57|0x00000000c3900000, 0x00000000c3900000, 0x00000000c3a00000|  0%| F|  |TAMS 0x00000000c3900000, 0x00000000c3900000| Untracked 
|  58|0x00000000c3a00000, 0x00000000c3a00000, 0x00000000c3b00000|  0%| F|  |TAMS 0x00000000c3a00000, 0x00000000c3a00000| Untracked 
|  59|0x00000000c3b00000, 0x00000000c3b00000, 0x00000000c3c00000|  0%| F|  |TAMS 0x00000000c3b00000, 0x00000000c3b00000| Untracked 
|  60|0x00000000c3c00000, 0x00000000c3c00000, 0x00000000c3d00000|  0%| F|  |TAMS 0x00000000c3c00000, 0x00000000c3c00000| Untracked 
|  61|0x00000000c3d00000, 0x00000000c3d00000, 0x00000000c3e00000|  0%| F|  |TAMS 0x00000000c3d00000, 0x00000000c3d00000| Untracked 
|  62|0x00000000c3e00000, 0x00000000c3e00000, 0x00000000c3f00000|  0%| F|  |TAMS 0x00000000c3e00000, 0x00000000c3e00000| Untracked 
|  63|0x00000000c3f00000, 0x00000000c3f00000, 0x00000000c4000000|  0%| F|  |TAMS 0x00000000c3f00000, 0x00000000c3f00000| Untracked 
|  64|0x00000000c4000000, 0x00000000c4000000, 0x00000000c4100000|  0%| F|  |TAMS 0x00000000c4000000, 0x00000000c4000000| Untracked 
|  65|0x00000000c4100000, 0x00000000c4100000, 0x00000000c4200000|  0%| F|  |TAMS 0x00000000c4100000, 0x00000000c4100000| Untracked 
|  66|0x00000000c4200000, 0x00000000c4200000, 0x00000000c4300000|  0%| F|  |TAMS 0x00000000c4200000, 0x00000000c4200000| Untracked 
|  67|0x00000000c4300000, 0x00000000c4300000, 0x00000000c4400000|  0%| F|  |TAMS 0x00000000c4300000, 0x00000000c4300000| Untracked 
|  68|0x00000000c4400000, 0x00000000c4400000, 0x00000000c4500000|  0%| F|  |TAMS 0x00000000c4400000, 0x00000000c4400000| Untracked 
|  69|0x00000000c4500000, 0x00000000c4500000, 0x00000000c4600000|  0%| F|  |TAMS 0x00000000c4500000, 0x00000000c4500000| Untracked 
|  70|0x00000000c4600000, 0x00000000c4600000, 0x00000000c4700000|  0%| F|  |TAMS 0x00000000c4600000, 0x00000000c4600000| Untracked 
|  71|0x00000000c4700000, 0x00000000c4700000, 0x00000000c4800000|  0%| F|  |TAMS 0x00000000c4700000, 0x00000000c4700000| Untracked 
|  72|0x00000000c4800000, 0x00000000c4800000, 0x00000000c4900000|  0%| F|  |TAMS 0x00000000c4800000, 0x00000000c4800000| Untracked 
|  73|0x00000000c4900000, 0x00000000c4900000, 0x00000000c4a00000|  0%| F|  |TAMS 0x00000000c4900000, 0x00000000c4900000| Untracked 
|  74|0x00000000c4a00000, 0x00000000c4a00000, 0x00000000c4b00000|  0%| F|  |TAMS 0x00000000c4a00000, 0x00000000c4a00000| Untracked 
|  75|0x00000000c4b00000, 0x00000000c4b00000, 0x00000000c4c00000|  0%| F|  |TAMS 0x00000000c4b00000, 0x00000000c4b00000| Untracked 
|  76|0x00000000c4c00000, 0x00000000c4c07938, 0x00000000c4d00000|  2%| E|  |TAMS 0x00000000c4c00000, 0x00000000c4c00000| Complete 

Card table byte_map: [0x00000124fa830000,0x00000124faa30000] _byte_map_base: 0x00000124fa230000

Marking Bits (Prev, Next): (CMBitMap*) 0x00000124f2d59720, (CMBitMap*) 0x00000124f2d596e0
 Prev Bits: [0x00000124fbc30000, 0x00000124fcc30000)
 Next Bits: [0x00000124fac30000, 0x00000124fbc30000)

Polling page: 0x00000124f2dd0000

Metaspace:

Usage:
  Non-class:     50.58 MB used.
      Class:      7.18 MB used.
       Both:     57.76 MB used.

Virtual space:
  Non-class space:       64.00 MB reserved,      50.88 MB ( 79%) committed,  1 nodes.
      Class space:        1.00 GB reserved,       7.38 MB ( <1%) committed,  1 nodes.
             Both:        1.06 GB reserved,      58.25 MB (  5%) committed. 

Chunk freelists:
   Non-Class:  12.88 MB
       Class:  8.49 MB
        Both:  21.37 MB

MaxMetaspaceSize: unlimited
CompressedClassSpaceSize: 1.00 GB
Initial GC threshold: 21.00 MB
Current GC threshold: 97.12 MB
CDS: off
MetaspaceReclaimPolicy: balanced
 - commit_granule_bytes: 65536.
 - commit_granule_words: 8192.
 - virtual_space_node_default_size: 8388608.
 - enlarge_chunks_in_place: 1.
 - new_chunks_are_fully_committed: 0.
 - uncommit_free_chunks: 1.
 - use_allocation_guard: 0.
 - handle_deallocations: 1.


Internal statistics:

num_allocs_failed_limit: 6.
num_arena_births: 768.
num_arena_deaths: 284.
num_vsnodes_births: 2.
num_vsnodes_deaths: 0.
num_space_committed: 932.
num_space_uncommitted: 0.
num_chunks_returned_to_freelist: 340.
num_chunks_taken_from_freelist: 2737.
num_chunk_merges: 103.
num_chunk_splits: 1787.
num_chunks_enlarged: 1339.
num_inconsistent_stats: 0.

CodeCache: size=49152Kb used=12861Kb max_used=12861Kb free=36290Kb
 bounds [0x00000124f7180000, 0x00000124f7e10000, 0x00000124fa180000]
 total_blobs=7672 nmethods=6993 adapters=606
 compilation: enabled
              stopped_count=0, restarted_count=0
 full_count=0

Compilation events (20 events):
Event: 6815.743 Thread 0x00000124ff249640 7071       1       org.eclipse.jdt.internal.compiler.lookup.TypeBinding::capture (2 bytes)
Event: 6815.743 Thread 0x00000124ff249640 nmethod 7071 0x00000124f7e0c090 code [0x00000124f7e0c220, 0x00000124f7e0c2f8]
Event: 6815.743 Thread 0x00000124ff249640 7073       1       java.lang.AbstractStringBuilder::getChars (61 bytes)
Event: 6815.745 Thread 0x00000124ff249640 nmethod 7073 0x00000124f7e0c390 code [0x00000124f7e0c560, 0x00000124f7e0c778]
Event: 6815.745 Thread 0x00000124ff249640 7074       1       java.lang.AbstractStringBuilder::checkRangeSIOOBE (63 bytes)
Event: 6815.751 Thread 0x00000124ff249640 nmethod 7074 0x00000124f7e0c890 code [0x00000124f7e0caa0, 0x00000124f7e0ceb8]
Event: 6815.752 Thread 0x00000124ff249640 7072       1       org.eclipse.jdt.internal.compiler.lookup.FieldBinding::isStatic (14 bytes)
Event: 6815.752 Thread 0x00000124ff249640 nmethod 7072 0x00000124f7e0d110 code [0x00000124f7e0d2a0, 0x00000124f7e0d398]
Event: 6815.752 Thread 0x00000124ff249640 7075       1       org.eclipse.jdt.internal.compiler.impl.StringConstant::stringValue (5 bytes)
Event: 6815.753 Thread 0x00000124ff249640 nmethod 7075 0x00000124f7e0d410 code [0x00000124f7e0d5a0, 0x00000124f7e0d678]
Event: 6822.164 Thread 0x00000124ff249640 7076       1       org.eclipse.jdt.internal.compiler.lookup.ReferenceBinding::readableName (6 bytes)
Event: 6822.165 Thread 0x00000124ff249640 nmethod 7076 0x00000124f7e0d710 code [0x00000124f7e0d8a0, 0x00000124f7e0d988]
Event: 6822.165 Thread 0x00000124ff249640 7077       1       org.eclipse.jdt.internal.compiler.lookup.ReferenceBinding::readableName (170 bytes)
Event: 6822.168 Thread 0x00000124ff249640 nmethod 7077 0x00000124f7e0da10 code [0x00000124f7e0dc80, 0x00000124f7e0e268]
Event: 6846.947 Thread 0x00000124ff249640 7078       1       org.springframework.ide.vscode.commons.util.UriUtil::contains (72 bytes)
Event: 6846.957 Thread 0x00000124ff249640 nmethod 7078 0x00000124f7e0e690 code [0x00000124f7e0e8a0, 0x00000124f7e0ed18]
Event: 6847.108 Thread 0x00000124ff249640 7079       1       org.eclipse.jdt.core.dom.ASTVisitor::endVisit (1 bytes)
Event: 6847.109 Thread 0x00000124ff249640 nmethod 7079 0x00000124f7e0f090 code [0x00000124f7e0f220, 0x00000124f7e0f2d8]
Event: 6847.109 Thread 0x00000124ff249640 7080       1       org.eclipse.jdt.core.dom.ASTVisitor::endVisit (1 bytes)
Event: 6847.110 Thread 0x00000124ff249640 nmethod 7080 0x00000124f7e0f390 code [0x00000124f7e0f520, 0x00000124f7e0f5d8]

GC Heap History (20 events):
Event: 64348.767 GC heap before
{Heap before GC invocations=736 (full 693):
 garbage-first heap   total 78848K, used 35408K [0x00000000c0000000, 0x0000000100000000)
  region size 1024K, 1 young (1024K), 0 survivors (0K)
 Metaspace       used 59150K, committed 59648K, reserved 1114112K
  class space    used 7356K, committed 7552K, reserved 1048576K
}
Event: 64348.880 GC heap after
{Heap after GC invocations=737 (full 694):
 garbage-first heap   total 78848K, used 35408K [0x00000000c0000000, 0x0000000100000000)
  region size 1024K, 0 young (0K), 0 survivors (0K)
 Metaspace       used 59150K, committed 59648K, reserved 1114112K
  class space    used 7356K, committed 7552K, reserved 1048576K
}
Event: 64358.958 GC heap before
{Heap before GC invocations=737 (full 694):
 garbage-first heap   total 78848K, used 35408K [0x00000000c0000000, 0x0000000100000000)
  region size 1024K, 1 young (1024K), 0 survivors (0K)
 Metaspace       used 59150K, committed 59648K, reserved 1114112K
  class space    used 7356K, committed 7552K, reserved 1048576K
}
Event: 64359.001 GC heap after
{Heap after GC invocations=738 (full 695):
 garbage-first heap   total 78848K, used 35408K [0x00000000c0000000, 0x0000000100000000)
  region size 1024K, 0 young (0K), 0 survivors (0K)
 Metaspace       used 59150K, committed 59648K, reserved 1114112K
  class space    used 7356K, committed 7552K, reserved 1048576K
}
Event: 64369.077 GC heap before
{Heap before GC invocations=738 (full 695):
 garbage-first heap   total 78848K, used 35408K [0x00000000c0000000, 0x0000000100000000)
  region size 1024K, 1 young (1024K), 0 survivors (0K)
 Metaspace       used 59150K, committed 59648K, reserved 1114112K
  class space    used 7356K, committed 7552K, reserved 1048576K
}
Event: 64369.113 GC heap after
{Heap after GC invocations=739 (full 696):
 garbage-first heap   total 78848K, used 35408K [0x00000000c0000000, 0x0000000100000000)
  region size 1024K, 0 young (0K), 0 survivors (0K)
 Metaspace       used 59150K, committed 59648K, reserved 1114112K
  class space    used 7356K, committed 7552K, reserved 1048576K
}
Event: 64379.232 GC heap before
{Heap before GC invocations=739 (full 696):
 garbage-first heap   total 78848K, used 35408K [0x00000000c0000000, 0x0000000100000000)
  region size 1024K, 1 young (1024K), 0 survivors (0K)
 Metaspace       used 59150K, committed 59648K, reserved 1114112K
  class space    used 7356K, committed 7552K, reserved 1048576K
}
Event: 64379.287 GC heap after
{Heap after GC invocations=740 (full 697):
 garbage-first heap   total 78848K, used 35408K [0x00000000c0000000, 0x0000000100000000)
  region size 1024K, 0 young (0K), 0 survivors (0K)
 Metaspace       used 59150K, committed 59648K, reserved 1114112K
  class space    used 7356K, committed 7552K, reserved 1048576K
}
Event: 64389.549 GC heap before
{Heap before GC invocations=740 (full 697):
 garbage-first heap   total 78848K, used 35408K [0x00000000c0000000, 0x0000000100000000)
  region size 1024K, 1 young (1024K), 0 survivors (0K)
 Metaspace       used 59150K, committed 59648K, reserved 1114112K
  class space    used 7356K, committed 7552K, reserved 1048576K
}
Event: 64389.605 GC heap after
{Heap after GC invocations=741 (full 698):
 garbage-first heap   total 78848K, used 35408K [0x00000000c0000000, 0x0000000100000000)
  region size 1024K, 0 young (0K), 0 survivors (0K)
 Metaspace       used 59150K, committed 59648K, reserved 1114112K
  class space    used 7356K, committed 7552K, reserved 1048576K
}
Event: 64399.702 GC heap before
{Heap before GC invocations=741 (full 698):
 garbage-first heap   total 78848K, used 35408K [0x00000000c0000000, 0x0000000100000000)
  region size 1024K, 1 young (1024K), 0 survivors (0K)
 Metaspace       used 59150K, committed 59648K, reserved 1114112K
  class space    used 7356K, committed 7552K, reserved 1048576K
}
Event: 64399.753 GC heap after
{Heap after GC invocations=742 (full 699):
 garbage-first heap   total 78848K, used 35408K [0x00000000c0000000, 0x0000000100000000)
  region size 1024K, 0 young (0K), 0 survivors (0K)
 Metaspace       used 59150K, committed 59648K, reserved 1114112K
  class space    used 7356K, committed 7552K, reserved 1048576K
}
Event: 64409.822 GC heap before
{Heap before GC invocations=742 (full 699):
 garbage-first heap   total 78848K, used 35408K [0x00000000c0000000, 0x0000000100000000)
  region size 1024K, 1 young (1024K), 0 survivors (0K)
 Metaspace       used 59150K, committed 59648K, reserved 1114112K
  class space    used 7356K, committed 7552K, reserved 1048576K
}
Event: 64409.857 GC heap after
{Heap after GC invocations=743 (full 700):
 garbage-first heap   total 78848K, used 35408K [0x00000000c0000000, 0x0000000100000000)
  region size 1024K, 0 young (0K), 0 survivors (0K)
 Metaspace       used 59150K, committed 59648K, reserved 1114112K
  class space    used 7356K, committed 7552K, reserved 1048576K
}
Event: 64419.930 GC heap before
{Heap before GC invocations=743 (full 700):
 garbage-first heap   total 78848K, used 35408K [0x00000000c0000000, 0x0000000100000000)
  region size 1024K, 1 young (1024K), 0 survivors (0K)
 Metaspace       used 59150K, committed 59648K, reserved 1114112K
  class space    used 7356K, committed 7552K, reserved 1048576K
}
Event: 64419.978 GC heap after
{Heap after GC invocations=744 (full 701):
 garbage-first heap   total 78848K, used 35408K [0x00000000c0000000, 0x0000000100000000)
  region size 1024K, 0 young (0K), 0 survivors (0K)
 Metaspace       used 59150K, committed 59648K, reserved 1114112K
  class space    used 7356K, committed 7552K, reserved 1048576K
}
Event: 64430.109 GC heap before
{Heap before GC invocations=744 (full 701):
 garbage-first heap   total 78848K, used 35408K [0x00000000c0000000, 0x0000000100000000)
  region size 1024K, 1 young (1024K), 0 survivors (0K)
 Metaspace       used 59150K, committed 59648K, reserved 1114112K
  class space    used 7356K, committed 7552K, reserved 1048576K
}
Event: 64430.169 GC heap after
{Heap after GC invocations=745 (full 702):
 garbage-first heap   total 78848K, used 35408K [0x00000000c0000000, 0x0000000100000000)
  region size 1024K, 0 young (0K), 0 survivors (0K)
 Metaspace       used 59150K, committed 59648K, reserved 1114112K
  class space    used 7356K, committed 7552K, reserved 1048576K
}
Event: 64440.259 GC heap before
{Heap before GC invocations=745 (full 702):
 garbage-first heap   total 78848K, used 35408K [0x00000000c0000000, 0x0000000100000000)
  region size 1024K, 1 young (1024K), 0 survivors (0K)
 Metaspace       used 59150K, committed 59648K, reserved 1114112K
  class space    used 7356K, committed 7552K, reserved 1048576K
}
Event: 64440.317 GC heap after
{Heap after GC invocations=746 (full 703):
 garbage-first heap   total 78848K, used 35408K [0x00000000c0000000, 0x0000000100000000)
  region size 1024K, 0 young (0K), 0 survivors (0K)
 Metaspace       used 59150K, committed 59648K, reserved 1114112K
  class space    used 7356K, committed 7552K, reserved 1048576K
}

Dll operation events (10 events):
Event: 0.013 Loaded shared library c:\Users\Aditya\.vscode\extensions\redhat.java-1.31.0-win32-x64\jre\17.0.11-win32-x86_64\bin\java.dll
Event: 0.540 Loaded shared library C:\Users\Aditya\.vscode\extensions\redhat.java-1.31.0-win32-x64\jre\17.0.11-win32-x86_64\bin\net.dll
Event: 0.543 Loaded shared library C:\Users\Aditya\.vscode\extensions\redhat.java-1.31.0-win32-x64\jre\17.0.11-win32-x86_64\bin\nio.dll
Event: 0.562 Loaded shared library C:\Users\Aditya\.vscode\extensions\redhat.java-1.31.0-win32-x64\jre\17.0.11-win32-x86_64\bin\zip.dll
Event: 1.301 Loaded shared library C:\Users\Aditya\.vscode\extensions\redhat.java-1.31.0-win32-x64\jre\17.0.11-win32-x86_64\bin\jimage.dll
Event: 14.691 Loaded shared library c:\Users\Aditya\.vscode\extensions\redhat.java-1.31.0-win32-x64\jre\17.0.11-win32-x86_64\bin\verify.dll
Event: 26.173 Loaded shared library C:\Users\Aditya\.vscode\extensions\redhat.java-1.31.0-win32-x64\jre\17.0.11-win32-x86_64\bin\management.dll
Event: 26.181 Loaded shared library C:\Users\Aditya\.vscode\extensions\redhat.java-1.31.0-win32-x64\jre\17.0.11-win32-x86_64\bin\management_ext.dll
Event: 29.275 Loaded shared library C:\Users\Aditya\.vscode\extensions\redhat.java-1.31.0-win32-x64\jre\17.0.11-win32-x86_64\bin\sunmscapi.dll
Event: 30.167 Loaded shared library C:\Users\Aditya\.vscode\extensions\redhat.java-1.31.0-win32-x64\jre\17.0.11-win32-x86_64\bin\extnet.dll

Deoptimization events (20 events):
Event: 27.107 Thread 0x0000012484cbdd00 DEOPT PACKING pc=0x00000124f7572817 sp=0x00000003fa6fed60
Event: 27.107 Thread 0x0000012484cbdd00 DEOPT UNPACKING pc=0x00000124f71d7143 sp=0x00000003fa6fe1b8 mode 3
Event: 29.568 Thread 0x0000012484da6140 DEOPT PACKING pc=0x00000124f72dfe8c sp=0x00000003fb7fad10
Event: 29.568 Thread 0x0000012484da6140 DEOPT UNPACKING pc=0x00000124f71d7143 sp=0x00000003fb7fa1d8 mode 0
Event: 31.361 Thread 0x0000012484cee4a0 DEOPT PACKING pc=0x00000124f773e1a4 sp=0x00000003fb0ff350
Event: 31.361 Thread 0x0000012484cee4a0 DEOPT UNPACKING pc=0x00000124f71d7143 sp=0x00000003fb0fe838 mode 0
Event: 31.361 Thread 0x0000012484cee9b0 DEOPT PACKING pc=0x00000124f773e1a4 sp=0x00000003fb1feb70
Event: 31.361 Thread 0x0000012484cee9b0 DEOPT UNPACKING pc=0x00000124f71d7143 sp=0x00000003fb1fe058 mode 0
Event: 31.361 Thread 0x0000012484cee9b0 DEOPT PACKING pc=0x00000124f773e1a4 sp=0x00000003fb1ff140
Event: 31.361 Thread 0x0000012484cee9b0 DEOPT UNPACKING pc=0x00000124f71d7143 sp=0x00000003fb1fe628 mode 0
Event: 31.364 Thread 0x0000012484cefdf0 DEOPT PACKING pc=0x00000124f773e1a4 sp=0x00000003fadff020
Event: 31.364 Thread 0x0000012484cefdf0 DEOPT UNPACKING pc=0x00000124f71d7143 sp=0x00000003fadfe508 mode 0
Event: 719.885 Thread 0x000001248469c710 DEOPT PACKING pc=0x00000124f7662154 sp=0x00000003fa5ff220
Event: 719.887 Thread 0x000001248469c710 DEOPT UNPACKING pc=0x00000124f71d7143 sp=0x00000003fa5fe6c8 mode 0
Event: 6635.744 Thread 0x0000012484ced060 DEOPT PACKING pc=0x00000124f7856f8c sp=0x00000003faafe280
Event: 6635.750 Thread 0x0000012484ced060 DEOPT UNPACKING pc=0x00000124f71d7143 sp=0x00000003faafd800 mode 0
Event: 6635.751 Thread 0x0000012484ced060 DEOPT PACKING pc=0x00000124f7856f8c sp=0x00000003faafe4e0
Event: 6635.752 Thread 0x0000012484ced060 DEOPT UNPACKING pc=0x00000124f71d7143 sp=0x00000003faafda60 mode 0
Event: 6635.761 Thread 0x0000012484ced060 DEOPT PACKING pc=0x00000124f7856f8c sp=0x00000003faafe960
Event: 6635.763 Thread 0x0000012484ced060 DEOPT UNPACKING pc=0x00000124f71d7143 sp=0x00000003faafdee0 mode 0

Classes unloaded (20 events):
Event: 6678.508 Thread 0x00000124ff1ffb90 Unloading class 0x0000000100088c00 'java/lang/invoke/LambdaForm$MH+0x0000000100088c00'
Event: 6709.360 Thread 0x00000124ff1ffb90 Unloading class 0x00000001003a8c00 'java/lang/invoke/LambdaForm$MH+0x00000001003a8c00'
Event: 6709.360 Thread 0x00000124ff1ffb90 Unloading class 0x00000001003a9400 'java/lang/invoke/LambdaForm$MH+0x00000001003a9400'
Event: 6709.360 Thread 0x00000124ff1ffb90 Unloading class 0x00000001003adc00 'java/lang/invoke/LambdaForm$MH+0x00000001003adc00'
Event: 6709.360 Thread 0x00000124ff1ffb90 Unloading class 0x00000001003aec00 'java/lang/invoke/LambdaForm$MH+0x00000001003aec00'
Event: 6754.128 Thread 0x00000124ff1ffb90 Unloading class 0x000000010077a000 'java/lang/invoke/LambdaForm$MH+0x000000010077a000'
Event: 6754.128 Thread 0x00000124ff1ffb90 Unloading class 0x0000000100779c00 'java/lang/invoke/LambdaForm$MH+0x0000000100779c00'
Event: 6754.128 Thread 0x00000124ff1ffb90 Unloading class 0x0000000100779800 'java/lang/invoke/LambdaForm$MH+0x0000000100779800'
Event: 6754.128 Thread 0x00000124ff1ffb90 Unloading class 0x0000000100778800 'java/lang/invoke/LambdaForm$MH+0x0000000100778800'
Event: 6754.128 Thread 0x00000124ff1ffb90 Unloading class 0x0000000100778400 'java/lang/invoke/LambdaForm$MH+0x0000000100778400'
Event: 6754.128 Thread 0x00000124ff1ffb90 Unloading class 0x0000000100088c00 'java/lang/invoke/LambdaForm$MH+0x0000000100088c00'
Event: 6754.128 Thread 0x00000124ff1ffb90 Unloading class 0x0000000100569000 'java/lang/invoke/LambdaForm$MH+0x0000000100569000'
Event: 6891.153 Thread 0x00000124ff1ffb90 Unloading class 0x000000010077a000 'jdk/internal/reflect/GeneratedConstructorAccessor52'
Event: 6891.153 Thread 0x00000124ff1ffb90 Unloading class 0x0000000100780400 'jdk/internal/reflect/GeneratedMethodAccessor20'
Event: 6891.154 Thread 0x00000124ff1ffb90 Unloading class 0x0000000100780000 'jdk/internal/reflect/GeneratedConstructorAccessor48'
Event: 6891.154 Thread 0x00000124ff1ffb90 Unloading class 0x000000010077bc00 'jdk/internal/reflect/GeneratedMethodAccessor19'
Event: 6891.154 Thread 0x00000124ff1ffb90 Unloading class 0x000000010077b800 'jdk/internal/reflect/GeneratedConstructorAccessor47'
Event: 6891.154 Thread 0x00000124ff1ffb90 Unloading class 0x000000010077b400 'jdk/internal/reflect/GeneratedMethodAccessor18'
Event: 6891.154 Thread 0x00000124ff1ffb90 Unloading class 0x000000010077b000 'jdk/internal/reflect/GeneratedMethodAccessor17'
Event: 6891.154 Thread 0x00000124ff1ffb90 Unloading class 0x000000010077ac00 'jdk/internal/reflect/GeneratedMethodAccessor16'

Classes redefined (0 events):
No events

Internal exceptions (20 events):
Event: 28.213 Thread 0x0000012484ced060 Exception <a 'sun/nio/fs/WindowsException'{0x00000000c37ce030}> (0x00000000c37ce030) 
thrown [s\src\hotspot\share\prims\jni.cpp, line 516]
Event: 28.214 Thread 0x0000012484ced060 Exception <a 'sun/nio/fs/WindowsException'{0x00000000c37ceb28}> (0x00000000c37ceb28) 
thrown [s\src\hotspot\share\prims\jni.cpp, line 516]
Event: 28.215 Thread 0x0000012484ced060 Exception <a 'sun/nio/fs/WindowsException'{0x00000000c37cf6e8}> (0x00000000c37cf6e8) 
thrown [s\src\hotspot\share\prims\jni.cpp, line 516]
Event: 28.216 Thread 0x0000012484ced060 Exception <a 'sun/nio/fs/WindowsException'{0x00000000c37d0328}> (0x00000000c37d0328) 
thrown [s\src\hotspot\share\prims\jni.cpp, line 516]
Event: 28.506 Thread 0x0000012484da6140 Exception <a 'java/lang/NoSuchMethodError'{0x00000000c34fdc10}: 'void java.lang.invoke.DirectMethodHandle$Holder.invokeVirtual(java.lang.Object, java.lang.Object, java.lang.Object, java.lang.Object)'> (0x00000000c34fdc10) 
thrown [s\src\hotspot\share\interpreter\linkResolver.cpp, line 759]
Event: 28.766 Thread 0x0000012484da6140 Exception <a 'java/lang/NoSuchMethodError'{0x00000000c3475b08}: 'java.lang.Object java.lang.invoke.DirectMethodHandle$Holder.invokeStatic(java.lang.Object, java.lang.Object, int, java.lang.Object)'> (0x00000000c3475b08) 
thrown [s\src\hotspot\share\interpreter\linkResolver.cpp, line 759]
Event: 28.771 Thread 0x0000012484da6140 Exception <a 'java/lang/NoSuchMethodError'{0x00000000c347bee8}: 'java.lang.Object java.lang.invoke.DirectMethodHandle$Holder.newInvokeSpecial(java.lang.Object, java.lang.Object, int)'> (0x00000000c347bee8) 
thrown [s\src\hotspot\share\interpreter\linkResolver.cpp, line 759]
Event: 29.382 Thread 0x0000012484cef8e0 Exception <a 'java/lang/NoSuchMethodError'{0x00000000c37ec170}: 'java.lang.Object java.lang.invoke.Invokers$Holder.invoke_MT(java.lang.Object, java.lang.Object, java.lang.Object)'> (0x00000000c37ec170) 
thrown [s\src\hotspot\share\interpreter\linkResolver.cpp, line 759]
Event: 29.512 Thread 0x0000012484da6140 Exception <a 'sun/nio/fs/WindowsException'{0x00000000c3101510}> (0x00000000c3101510) 
thrown [s\src\hotspot\share\prims\jni.cpp, line 516]
Event: 30.908 Thread 0x0000012484cef8e0 Exception <a 'java/lang/IncompatibleClassChangeError'{0x00000000c43f98f0}: Found class java.lang.Object, but interface was expected> (0x00000000c43f98f0) 
thrown [s\src\hotspot\share\interpreter\linkResolver.cpp, line 826]
Event: 30.995 Thread 0x0000012484cef8e0 Exception <a 'java/lang/NoSuchMethodError'{0x00000000c4260bb8}: 'int java.lang.invoke.DirectMethodHandle$Holder.invokeSpecialIFC(java.lang.Object, java.lang.Object, java.lang.Object)'> (0x00000000c4260bb8) 
thrown [s\src\hotspot\share\interpreter\linkResolver.cpp, line 759]
Event: 31.158 Thread 0x0000012484cef8e0 Exception <a 'java/lang/NoSuchMethodError'{0x00000000c3f52998}: 'int java.lang.invoke.DirectMethodHandle$Holder.invokeStatic(java.lang.Object, int, java.lang.Object)'> (0x00000000c3f52998) 
thrown [s\src\hotspot\share\interpreter\linkResolver.cpp, line 759]
Event: 31.303 Thread 0x0000012484cedf90 Exception <a 'java/lang/NoSuchMethodError'{0x00000000c37253e8}: 'void java.lang.invoke.DirectMethodHandle$Holder.invokeStatic(java.lang.Object, java.lang.Object, java.lang.Object, java.lang.Object, java.lang.Object, java.lang.Object, java.lang.Object)'> (0x00000000c37253e8) 
thrown [s\src\hotspot\share\interpreter\linkResolver.cpp, line 759]
Event: 66.149 Thread 0x0000012484c42050 Exception <a 'java/lang/NoSuchMethodError'{0x00000000c3e0c8a0}: 'void java.lang.invoke.DirectMethodHandle$Holder.invokeStatic(java.lang.Object, long)'> (0x00000000c3e0c8a0) 
thrown [s\src\hotspot\share\interpreter\linkResolver.cpp, line 759]
Event: 66.149 Thread 0x0000012484c42050 Exception <a 'java/lang/NoSuchMethodError'{0x00000000c3e11c50}: 'java.lang.Object java.lang.invoke.DirectMethodHandle$Holder.newInvokeSpecial(java.lang.Object, long)'> (0x00000000c3e11c50) 
thrown [s\src\hotspot\share\interpreter\linkResolver.cpp, line 759]
Event: 334.230 Thread 0x0000012484da3dd0 Exception <a 'java/io/IOException'{0x00000000c455b700}> (0x00000000c455b700) 
thrown [s\src\hotspot\share\prims\jni.cpp, line 516]
Event: 334.411 Thread 0x0000012484da84b0 Exception <a 'java/io/IOException'{0x00000000c456a328}> (0x00000000c456a328) 
thrown [s\src\hotspot\share\prims\jni.cpp, line 516]
Event: 335.068 Thread 0x0000012484da6650 Exception <a 'java/io/IOException'{0x00000000c4571618}> (0x00000000c4571618) 
thrown [s\src\hotspot\share\prims\jni.cpp, line 516]
Event: 6740.370 Thread 0x0000012484daa820 Exception <a 'java/lang/NoSuchMethodError'{0x00000000c39c4270}: 'java.lang.Object java.lang.invoke.DirectMethodHandle$Holder.newInvokeSpecial(java.lang.Object, java.lang.Object, int, java.lang.Object)'> (0x00000000c39c4270) 
thrown [s\src\hotspot\share\interpreter\linkResolver.cpp, line 759]
Event: 6740.371 Thread 0x0000012484daa820 Exception <a 'java/lang/NoSuchMethodError'{0x00000000c39c7b90}: 'java.lang.Object java.lang.invoke.Invokers$Holder.linkToTargetMethod(java.lang.Object, int, java.lang.Object, java.lang.Object)'> (0x00000000c39c7b90) 
thrown [s\src\hotspot\share\interpreter\linkResolver.cpp, line 759]

VM Operations (20 events):
Event: 64348.881 Executing VM operation: G1CollectFull done
Event: 64358.958 Executing VM operation: G1CollectFull
Event: 64359.001 Executing VM operation: G1CollectFull done
Event: 64369.077 Executing VM operation: G1CollectFull
Event: 64369.113 Executing VM operation: G1CollectFull done
Event: 64379.232 Executing VM operation: G1CollectFull
Event: 64379.287 Executing VM operation: G1CollectFull done
Event: 64389.548 Executing VM operation: G1CollectFull
Event: 64389.605 Executing VM operation: G1CollectFull done
Event: 64399.701 Executing VM operation: G1CollectFull
Event: 64399.753 Executing VM operation: G1CollectFull done
Event: 64409.822 Executing VM operation: G1CollectFull
Event: 64409.857 Executing VM operation: G1CollectFull done
Event: 64419.930 Executing VM operation: G1CollectFull
Event: 64419.978 Executing VM operation: G1CollectFull done
Event: 64430.109 Executing VM operation: G1CollectFull
Event: 64430.169 Executing VM operation: G1CollectFull done
Event: 64440.259 Executing VM operation: G1CollectFull
Event: 64440.317 Executing VM operation: G1CollectFull done
Event: 64450.443 Executing VM operation: G1CollectFull

Events (20 events):
Event: 6677.431 loading class java/util/stream/Nodes$IntFixedNodeBuilder done
Event: 6677.431 loading class java/util/stream/ReferencePipeline$4$1
Event: 6677.432 loading class java/util/stream/ReferencePipeline$4$1 done
Event: 6682.120 Thread 0x0000012484bd8b20 Thread exited: 0x0000012484bd8b20
Event: 6688.819 Thread 0x0000012484da6650 Thread exited: 0x0000012484da6650
Event: 6688.835 Thread 0x0000012484da9e00 Thread exited: 0x0000012484da9e00
Event: 6717.872 Thread 0x0000012484da5c30 Thread exited: 0x0000012484da5c30
Event: 6737.953 Thread 0x0000012484da9e00 Thread added: 0x0000012484da9e00
Event: 6741.012 Thread 0x0000012484da47f0 Thread added: 0x0000012484da47f0
Event: 6813.292 Thread 0x0000012484da47f0 Thread exited: 0x0000012484da47f0
Event: 6815.226 Thread 0x0000012484da98f0 Thread exited: 0x0000012484da98f0
Event: 6835.906 Thread 0x0000012484da89c0 Thread exited: 0x0000012484da89c0
Event: 6835.906 Thread 0x0000012484da5210 Thread exited: 0x0000012484da5210
Event: 6846.783 Thread 0x0000012484da42e0 Thread added: 0x0000012484da42e0
Event: 6876.005 Thread 0x0000012484da8ed0 Thread exited: 0x0000012484da8ed0
Event: 6906.793 Thread 0x0000012484da93e0 Thread exited: 0x0000012484da93e0
Event: 6906.837 Thread 0x0000012484daa820 Thread exited: 0x0000012484daa820
Event: 6907.118 Thread 0x0000012484da42e0 Thread exited: 0x0000012484da42e0
Event: 6966.812 Thread 0x0000012484da9e00 Thread exited: 0x0000012484da9e00
Event: 7026.812 Thread 0x0000012484daa310 Thread exited: 0x0000012484daa310


Dynamic libraries:
0x00007ff7ed6d0000 - 0x00007ff7ed6de000 	c:\Users\Aditya\.vscode\extensions\redhat.java-1.31.0-win32-x64\jre\17.0.11-win32-x86_64\bin\java.exe
0x00007ffd63c30000 - 0x00007ffd63e28000 	C:\windows\SYSTEM32\ntdll.dll
0x00007ffd62190000 - 0x00007ffd6224d000 	C:\windows\System32\KERNEL32.DLL
0x00007ffd613a0000 - 0x00007ffd61696000 	C:\windows\System32\KERNELBASE.dll
0x00007ffd61b30000 - 0x00007ffd61c30000 	C:\windows\System32\ucrtbase.dll
0x00007ffd498e0000 - 0x00007ffd498f7000 	c:\Users\Aditya\.vscode\extensions\redhat.java-1.31.0-win32-x64\jre\17.0.11-win32-x86_64\bin\jli.dll
0x00007ffd497c0000 - 0x00007ffd497db000 	c:\Users\Aditya\.vscode\extensions\redhat.java-1.31.0-win32-x64\jre\17.0.11-win32-x86_64\bin\VCRUNTIME140.dll
0x00007ffd61dd0000 - 0x00007ffd61f6f000 	C:\windows\System32\USER32.dll
0x00007ffd612e0000 - 0x00007ffd61302000 	C:\windows\System32\win32u.dll
0x00007ffd62aa0000 - 0x00007ffd62acb000 	C:\windows\System32\GDI32.dll
0x00007ffd61750000 - 0x00007ffd61867000 	C:\windows\System32\gdi32full.dll
0x00007ffd61a20000 - 0x00007ffd61abd000 	C:\windows\System32\msvcp_win.dll
0x00007ffd48670000 - 0x00007ffd4890a000 	C:\windows\WinSxS\amd64_microsoft.windows.common-controls_6595b64144ccf1df_6.0.19041.4355_none_60b8b9eb71f62e16\COMCTL32.dll
0x00007ffd61f70000 - 0x00007ffd6200e000 	C:\windows\System32\msvcrt.dll
0x00007ffd63a10000 - 0x00007ffd63a42000 	C:\windows\System32\IMM32.DLL
0x00007ffd5ae80000 - 0x00007ffd5ae8c000 	c:\Users\Aditya\.vscode\extensions\redhat.java-1.31.0-win32-x64\jre\17.0.11-win32-x86_64\bin\vcruntime140_1.dll
0x00007ffd0b380000 - 0x00007ffd0b40d000 	c:\Users\Aditya\.vscode\extensions\redhat.java-1.31.0-win32-x64\jre\17.0.11-win32-x86_64\bin\msvcp140.dll
0x00007ffcf16a0000 - 0x00007ffcf2302000 	c:\Users\Aditya\.vscode\extensions\redhat.java-1.31.0-win32-x64\jre\17.0.11-win32-x86_64\bin\server\jvm.dll
0x00007ffd634f0000 - 0x00007ffd635a0000 	C:\windows\System32\ADVAPI32.dll
0x00007ffd633f0000 - 0x00007ffd63490000 	C:\windows\System32\sechost.dll
0x00007ffd632c0000 - 0x00007ffd633e3000 	C:\windows\System32\RPCRT4.dll
0x00007ffd61c30000 - 0x00007ffd61c57000 	C:\windows\System32\bcrypt.dll
0x00007ffd61130000 - 0x00007ffd6117b000 	C:\windows\SYSTEM32\POWRPROF.dll
0x00007ffd45e00000 - 0x00007ffd45e09000 	C:\windows\SYSTEM32\WSOCK32.dll
0x00007ffd63a50000 - 0x00007ffd63abb000 	C:\windows\System32\WS2_32.dll
0x00007ffd57a50000 - 0x00007ffd57a5a000 	C:\windows\SYSTEM32\VERSION.dll
0x00007ffd57c70000 - 0x00007ffd57c97000 	C:\windows\SYSTEM32\WINMM.dll
0x00007ffd61110000 - 0x00007ffd61122000 	C:\windows\SYSTEM32\UMPDC.dll
0x00007ffd5f120000 - 0x00007ffd5f132000 	C:\windows\SYSTEM32\kernel.appcore.dll
0x00007ffd529e0000 - 0x00007ffd529ea000 	c:\Users\Aditya\.vscode\extensions\redhat.java-1.31.0-win32-x64\jre\17.0.11-win32-x86_64\bin\jimage.dll
0x00007ffd57ed0000 - 0x00007ffd580b4000 	C:\windows\SYSTEM32\DBGHELP.DLL
0x00007ffd49610000 - 0x00007ffd49644000 	C:\windows\SYSTEM32\dbgcore.DLL
0x00007ffd61310000 - 0x00007ffd61392000 	C:\windows\System32\bcryptPrimitives.dll
0x00007ffd1d6e0000 - 0x00007ffd1d705000 	c:\Users\Aditya\.vscode\extensions\redhat.java-1.31.0-win32-x64\jre\17.0.11-win32-x86_64\bin\java.dll
0x00007ffd47f50000 - 0x00007ffd47f68000 	c:\Users\Aditya\.vscode\extensions\redhat.java-1.31.0-win32-x64\jre\17.0.11-win32-x86_64\bin\zip.dll
0x00007ffd62330000 - 0x00007ffd62a9b000 	C:\windows\System32\SHELL32.dll
0x00007ffd5f320000 - 0x00007ffd5fabd000 	C:\windows\SYSTEM32\windows.storage.dll
0x00007ffd62d70000 - 0x00007ffd630c3000 	C:\windows\System32\combase.dll
0x00007ffd60c30000 - 0x00007ffd60c5e000 	C:\windows\SYSTEM32\Wldp.dll
0x00007ffd620c0000 - 0x00007ffd6218d000 	C:\windows\System32\OLEAUT32.dll
0x00007ffd63210000 - 0x00007ffd632bd000 	C:\windows\System32\SHCORE.dll
0x00007ffd62d10000 - 0x00007ffd62d65000 	C:\windows\System32\shlwapi.dll
0x00007ffd61210000 - 0x00007ffd61234000 	C:\windows\SYSTEM32\profapi.dll
0x00007ffd3eea0000 - 0x00007ffd3eeb9000 	C:\Users\Aditya\.vscode\extensions\redhat.java-1.31.0-win32-x64\jre\17.0.11-win32-x86_64\bin\net.dll
0x00007ffd58180000 - 0x00007ffd5828a000 	C:\windows\SYSTEM32\WINHTTP.dll
0x00007ffd60990000 - 0x00007ffd609fa000 	C:\windows\system32\mswsock.dll
0x00007ffd3b070000 - 0x00007ffd3b086000 	C:\Users\Aditya\.vscode\extensions\redhat.java-1.31.0-win32-x64\jre\17.0.11-win32-x86_64\bin\nio.dll
0x00007ffd501e0000 - 0x00007ffd501f0000 	c:\Users\Aditya\.vscode\extensions\redhat.java-1.31.0-win32-x64\jre\17.0.11-win32-x86_64\bin\verify.dll
0x00007ffd60b80000 - 0x00007ffd60b98000 	C:\windows\SYSTEM32\CRYPTSP.dll
0x00007ffd60280000 - 0x00007ffd602b4000 	C:\windows\system32\rsaenh.dll
0x00007ffd611c0000 - 0x00007ffd611ee000 	C:\windows\SYSTEM32\USERENV.dll
0x00007ffd60ba0000 - 0x00007ffd60bac000 	C:\windows\SYSTEM32\CRYPTBASE.dll
0x00007ffd60650000 - 0x00007ffd6068b000 	C:\windows\SYSTEM32\IPHLPAPI.DLL
0x00007ffd630d0000 - 0x00007ffd630d8000 	C:\windows\System32\NSI.dll
0x00007ffd58da0000 - 0x00007ffd58db7000 	C:\windows\SYSTEM32\dhcpcsvc6.DLL
0x00007ffd5a970000 - 0x00007ffd5a98d000 	C:\windows\SYSTEM32\dhcpcsvc.DLL
0x00007ffd60690000 - 0x00007ffd6075b000 	C:\windows\SYSTEM32\DNSAPI.dll
0x00007ffd56be0000 - 0x00007ffd56be9000 	C:\Users\Aditya\.vscode\extensions\redhat.java-1.31.0-win32-x64\jre\17.0.11-win32-x86_64\bin\management.dll
0x00007ffd500c0000 - 0x00007ffd500cb000 	C:\Users\Aditya\.vscode\extensions\redhat.java-1.31.0-win32-x64\jre\17.0.11-win32-x86_64\bin\management_ext.dll
0x00007ffd63ac0000 - 0x00007ffd63ac8000 	C:\windows\System32\PSAPI.DLL
0x00007ffd4c610000 - 0x00007ffd4c61e000 	C:\Users\Aditya\.vscode\extensions\redhat.java-1.31.0-win32-x64\jre\17.0.11-win32-x86_64\bin\sunmscapi.dll
0x00007ffd61870000 - 0x00007ffd619ce000 	C:\windows\System32\CRYPT32.dll
0x00007ffd60ca0000 - 0x00007ffd60cc9000 	C:\windows\SYSTEM32\ncrypt.dll
0x00007ffd60c60000 - 0x00007ffd60c9b000 	C:\windows\SYSTEM32\NTASN1.dll
0x00007ffd4b860000 - 0x00007ffd4b86a000 	C:\Windows\System32\rasadhlp.dll
0x00007ffd4e570000 - 0x00007ffd4e5f0000 	C:\windows\System32\fwpuclnt.dll
0x00007ffd48a90000 - 0x00007ffd48a99000 	C:\Users\Aditya\.vscode\extensions\redhat.java-1.31.0-win32-x64\jre\17.0.11-win32-x86_64\bin\extnet.dll

dbghelp: loaded successfully - version: 4.0.5 - missing functions: none
symbol engine: initialized successfully - sym options: 0x614 - pdb path: .;c:\Users\Aditya\.vscode\extensions\redhat.java-1.31.0-win32-x64\jre\17.0.11-win32-x86_64\bin;C:\windows\SYSTEM32;C:\windows\WinSxS\amd64_microsoft.windows.common-controls_6595b64144ccf1df_6.0.19041.4355_none_60b8b9eb71f62e16;c:\Users\Aditya\.vscode\extensions\redhat.java-1.31.0-win32-x64\jre\17.0.11-win32-x86_64\bin\server

VM Arguments:
jvm_args: -Xmx1024m -Dsts.lsp.client=vscode -Dsts.log.file=/dev/null -XX:TieredStopAtLevel=1 -Xlog:jni+resolve=off -Dspring.config.location=file:c:\Users\Aditya\.vscode\extensions\vmware.vscode-spring-boot-1.55.0\language-server\BOOT-INF\classes\application.properties 
java_command: org.springframework.ide.vscode.boot.app.BootLanguageServerBootApp
java_class_path (initial): c:\Users\Aditya\.vscode\extensions\vmware.vscode-spring-boot-1.55.0\language-server\BOOT-INF\classes;c:\Users\Aditya\.vscode\extensions\vmware.vscode-spring-boot-1.55.0\language-server\BOOT-INF\lib\annotations-24.1.0.jar;c:\Users\Aditya\.vscode\extensions\vmware.vscode-spring-boot-1.55.0\language-server\BOOT-INF\lib\antlr4-runtime-4.13.1.jar;c:\Users\Aditya\.vscode\extensions\vmware.vscode-spring-boot-1.55.0\language-server\BOOT-INF\lib\asm-9.7.jar;c:\Users\Aditya\.vscode\extensions\vmware.vscode-spring-boot-1.55.0\language-server\BOOT-INF\lib\asm-analysis-9.7.jar;c:\Users\Aditya\.vscode\extensions\vmware.vscode-spring-boot-1.55.0\language-server\BOOT-INF\lib\asm-tree-9.7.jar;c:\Users\Aditya\.vscode\extensions\vmware.vscode-spring-boot-1.55.0\language-server\BOOT-INF\lib\asm-util-9.7.jar;c:\Users\Aditya\.vscode\extensions\vmware.vscode-spring-boot-1.55.0\language-server\BOOT-INF\lib\caffeine-3.1.8.jar;c:\Users\Aditya\.vscode\extensions\vmware.vscode-spring-boot-1.55.0\language-server\BOOT-INF\lib\checker-qual-3.12.0.jar;c:\Users\Aditya\.vscode\extensions\vmware.vscode-spring-boot-1.55.0\language-server\BOOT-INF\lib\classgraph-4.8.149.jar;c:\Users\Aditya\.vscode\extensions\vmware.vscode-spring-boot-1.55.0\language-server\BOOT-INF\lib\commons-codec-1.16.1.jar;c:\Users\Aditya\.vscode\extensions\vmware.vscode-spring-boot-1.55.0\language-server\BOOT-INF\lib\commons-compress-1.26.1.jar;c:\Users\Aditya\.vscode\extensions\vmware.vscode-spring-boot-1.55.0\language-server\BOOT-INF\lib\commons-io-2.16.1.jar;c:\Users\Aditya\.vscode\extensions\vmware.vscode-spring-boot-1.55.0\language-server\BOOT-INF\lib\commons-java-1.55.0-SNAPSHOT.jar;c:\Users\Aditya\.vscode\extensions\vmware.vscode-spring-boot-1.55.0\language-server\BOOT-INF\lib\commons-lang3-3.14.0.jar;c:\Users\Aditya\.vscode\extensions\vmware.vscode-spring-boot-1.55.0\language-server\BOOT-INF\lib\commons-language-server-1.55.0-SNAPSHOT.jar;c:\Users\Aditya\.vscode\extensions\vmware.vscode-spring-
Launcher Type: SUN_STANDARD

[Global flags]
     intx CICompilerCount                          = 3                                         {product} {ergonomic}
     uint ConcGCThreads                            = 1                                         {product} {ergonomic}
     uint G1ConcRefinementThreads                  = 4                                         {product} {ergonomic}
   size_t G1HeapRegionSize                         = 1048576                                   {product} {ergonomic}
    uintx GCDrainStackTargetSize                   = 64                                        {product} {ergonomic}
   size_t InitialHeapSize                          = 58720256                                  {product} {ergonomic}
   size_t MarkStackSize                            = 4194304                                   {product} {ergonomic}
   size_t MaxHeapSize                              = 1073741824                                {product} {command line}
   size_t MaxNewSize                               = 643825664                                 {product} {ergonomic}
   size_t MinHeapDeltaBytes                        = 1048576                                   {product} {ergonomic}
   size_t MinHeapSize                              = 8388608                                   {product} {ergonomic}
    uintx NonProfiledCodeHeapSize                  = 0                                      {pd product} {ergonomic}
     bool ProfileInterpreter                       = false                                  {pd product} {command line}
    uintx ProfiledCodeHeapSize                     = 0                                      {pd product} {ergonomic}
   size_t SoftMaxHeapSize                          = 1073741824                             {manageable} {ergonomic}
     intx TieredStopAtLevel                        = 1                                         {product} {command line}
     bool UseCompressedClassPointers               = true                           {product lp64_product} {ergonomic}
     bool UseCompressedOops                        = true                           {product lp64_product} {ergonomic}
     bool UseG1GC                                  = true                                      {product} {ergonomic}
     bool UseLargePagesIndividualAllocation        = false                                  {pd product} {ergonomic}

Logging:
Log output configuration:
 #0: stdout all=warning,jni+resolve=off uptime,level,tags
 #1: stderr all=off uptime,level,tags

Environment Variables:
JAVA_HOME=C:\Program Files\Java\jdk-17
PATH=C:\Program Files (x86)\TRICENTIS\Tosca Testsuite\ToscaCommander;;C:\Program Files (x86)\NVIDIA Corporation\PhysX\Common;C:\Program Files\Python311\Scripts\;C:\Program Files\Python311\;C:\app\Aditya\product\21c\dbhomeXE\bin;C:\Python310\Scripts\;C:\Python310\;C:\Program Files\Common Files\Oracle\Java\javapath;C:\windows\System32\Wbem;C:\Program Files\Java\jdk-16.0.2\bin;C:\Program Files\MongoDB\Server\5.0\bin;C:\Program Files\Git\cmd;C:\Program Files\apache-maven-3.9.6\bin;C:\Program Files\nodejs\;C:\ProgramData\chocolatey\bin;D:\API_SOAP\axis2-1.6.2\bin;C:\Program Files\Java\jdk-17\bin;C:\Program Files\Java\jdk1.8.0_202\bin;C:\Program Files\Java\jdk-17\bin;C:\Program Files\dotnet\;C:\Program Files\Docker\Docker\resources\bin;C:\Program Files\apache-maven-3.9.6\bin;C:\Users\Aditya\AppData\Local\Programs\mongosh\;C:\Users\Aditya\AppData\Local\Programs\Microsoft VS Code\bin;C:\Program Files\MySQL\MySQL Shell 8.0\bin;C:\Program Files\apache-maven-3.9.6\bin;C:\Users\Aditya\AppData\Roaming\npm;C:\Program Files\Java\jdk-17\bin;C:\Program Files\apache-maven-3.9.6\bin;
USERNAME=Aditya
OS=Windows_NT
PROCESSOR_IDENTIFIER=AMD64 Family 23 Model 24 Stepping 1, AuthenticAMD
TMP=C:\Users\Aditya\AppData\Local\Temp
TEMP=C:\Users\Aditya\AppData\Local\Temp



Periodic native trim disabled


---------------  S Y S T E M  ---------------

OS:
 Windows 10 , 64 bit Build 19041 (10.0.19041.3636)
OS uptime: 1 days 17:12 hours
Hyper-V role detected

CPU: total 4 (initial active 4) (4 cores per cpu, 2 threads per core) family 23 model 24 stepping 1 microcode 0x0, cx8, cmov, fxsr, ht, mmx, 3dnowpref, sse, sse2, sse3, ssse3, sse4a, sse4.1, sse4.2, popcnt, lzcnt, tsc, tscinvbit, avx, avx2, aes, clmul, bmi1, bmi2, adx, sha, fma, vzeroupper, clflush, clflushopt, hv
Processor Information for all 4 processors :
  Max Mhz: 2600, Current Mhz: 2600, Mhz Limit: 2600

Memory: 4k page, system-wide physical 3526M (133M free)
TotalPageFile size 14278M (AvailPageFile size 20M)
current process WorkingSet (physical memory assigned to process): 61M, peak: 174M
current process commit charge ("private bytes"): 239M, peak: 244M

vm_info: OpenJDK 64-Bit Server VM (17.0.11+9) for windows-amd64 JRE (17.0.11+9), built on Apr 17 2024 06:07:48 by "admin" with MS VC++ 16.10 / 16.11 (VS2019)

END.
